<?xml version="1.0" encoding="UTF-8"?>
<!-- Generated by org.testng.reporters.JUnitReportReporter -->
<testsuite hostname="DESKTOP-GOSIIG0" failures="0" tests="2" name="Test.TestNgTestClass" time="16.080" errors="0" timestamp="2022-04-22T22:32:12 IST" skipped="0">
  <testcase classname="Test.TestNgTestClass" name="toVerifyUserButton" time="6.156"/>
  <system-out/>
  <testcase classname="Test.TestNgTestClass" name="toVerifyTaskButton" time="9.924"/>
  <system-out/>
</testsuite> <!-- Test.TestNgTestClass -->
